{
  "RSpec": {
    "coverage": {
      "/vagrant/gazooyr/app/models/user.rb": [
        1,
        1,
        null,
        null,
        null,
        1,
        null,
        null,
        null,
        1,
        null,
        null,
        null,
        null,
        null,
        1,
        1,
        null,
        1,
        0,
        0,
        null,
        null,
        null,
        1,
        0,
        null,
        null,
        1,
        0,
        null,
        null,
        1,
        0,
        0,
        0,
        null,
        0,
        0,
        null,
        0,
        null,
        null,
        null,
        null,
        null,
        null
      ],
      "/vagrant/gazooyr/app/models/application_record.rb": [
        1,
        1,
        null
      ],
      "/vagrant/gazooyr/app/helpers/application_helper.rb": [
        1,
        null
      ],
      "/vagrant/gazooyr/app/helpers/gazooy_helper.rb": [
        1,
        null
      ],
      "/vagrant/gazooyr/app/helpers/home_helper.rb": [
        1,
        null
      ],
      "/vagrant/gazooyr/app/helpers/posts_helper.rb": [
        1,
        null
      ],
      "/vagrant/gazooyr/app/controllers/posts_controller.rb": [
        1,
        1,
        0,
        null,
        null,
        1,
        4,
        null,
        null,
        1,
        0,
        0,
        null,
        null,
        1,
        1,
        0,
        null,
        null
      ],
      "/vagrant/gazooyr/app/controllers/application_controller.rb": [
        1,
        1,
        null,
        1,
        null,
        1,
        null,
        1,
        4,
        null,
        null,
        null,
        1,
        null,
        1,
        0,
        0,
        0,
        0,
        0,
        null,
        null,
        null
      ],
      "/vagrant/gazooyr/app/models/post.rb": [
        1,
        null
      ],
      "/vagrant/gazooyr/app/channels/application_cable/channel.rb": [
        0,
        0,
        0,
        0
      ],
      "/vagrant/gazooyr/app/channels/application_cable/connection.rb": [
        0,
        0,
        0,
        0
      ],
      "/vagrant/gazooyr/app/controllers/comments_controller.rb": [
        0,
        0,
        0
      ],
      "/vagrant/gazooyr/app/controllers/concerns/news_controller.rb": [
        0,
        0
      ],
      "/vagrant/gazooyr/app/controllers/gazooies_controller.rb": [
        0,
        0
      ],
      "/vagrant/gazooyr/app/controllers/gazooy_controller.rb": [
        0,
        0,
        0,
        0,
        0,
        0,
        0,
        0
      ],
      "/vagrant/gazooyr/app/controllers/hash_tags_controller.rb": [
        0,
        0
      ],
      "/vagrant/gazooyr/app/controllers/home_controller.rb": [
        0,
        0,
        0,
        0,
        0,
        0
      ],
      "/vagrant/gazooyr/app/controllers/pages_controller.rb": [
        0,
        0
      ],
      "/vagrant/gazooyr/app/controllers/profiles_controller.rb": [
        0,
        0
      ],
      "/vagrant/gazooyr/app/controllers/users/confirmations_controller.rb": [
        0,
        0,
        0,
        0,
        0,
        0,
        0,
        0,
        0,
        0,
        0,
        0,
        0,
        0,
        0,
        0,
        0,
        0,
        0,
        0,
        0,
        0,
        0,
        0,
        0,
        0,
        0,
        0
      ],
      "/vagrant/gazooyr/app/controllers/users/omniauth_callbacks_controller.rb": [
        0,
        0,
        0,
        0,
        0,
        0,
        0,
        0,
        0,
        0,
        0,
        0,
        0,
        0,
        0,
        0,
        0,
        0,
        0,
        0,
        0,
        0,
        0,
        0,
        0,
        0,
        0,
        0
      ],
      "/vagrant/gazooyr/app/controllers/users/passwords_controller.rb": [
        0,
        0,
        0,
        0,
        0,
        0,
        0,
        0,
        0,
        0,
        0,
        0,
        0,
        0,
        0,
        0,
        0,
        0,
        0,
        0,
        0,
        0,
        0,
        0,
        0,
        0,
        0,
        0,
        0,
        0,
        0,
        0
      ],
      "/vagrant/gazooyr/app/controllers/users/registrations_controller.rb": [
        0,
        0,
        0,
        0,
        0,
        0,
        0,
        0,
        0,
        0,
        0,
        0,
        0,
        0,
        0,
        0,
        0,
        0,
        0,
        0,
        0,
        0,
        0,
        0,
        0,
        0,
        0,
        0,
        0,
        0,
        0,
        0,
        0,
        0,
        0,
        0,
        0,
        0,
        0,
        0,
        0,
        0,
        0,
        0,
        0,
        0,
        0,
        0,
        0,
        0,
        0,
        0,
        0,
        0,
        0,
        0,
        0,
        0,
        0,
        0
      ],
      "/vagrant/gazooyr/app/controllers/users/sessions_controller.rb": [
        0,
        0,
        0,
        0,
        0,
        0,
        0,
        0,
        0,
        0,
        0,
        0,
        0,
        0,
        0,
        0,
        0,
        0,
        0,
        0,
        0,
        0,
        0,
        0,
        0
      ],
      "/vagrant/gazooyr/app/controllers/users/unlocks_controller.rb": [
        0,
        0,
        0,
        0,
        0,
        0,
        0,
        0,
        0,
        0,
        0,
        0,
        0,
        0,
        0,
        0,
        0,
        0,
        0,
        0,
        0,
        0,
        0,
        0,
        0,
        0,
        0,
        0
      ],
      "/vagrant/gazooyr/app/jobs/application_job.rb": [
        0,
        0
      ],
      "/vagrant/gazooyr/app/mailers/application_mailer.rb": [
        0,
        0,
        0,
        0
      ],
      "/vagrant/gazooyr/app/models/gazooy.rb": [
        0,
        0,
        0
      ]
    },
    "timestamp": 1499966768
  }
}
